<?xml version="1.0" encoding="UTF-8"?>
<!-- Generated by org.testng.reporters.JUnitXMLReporter -->
<testsuite hostname="DESKTOP-K9EHMR9" ignored="0" name="Asset Detail Screen" tests="7" failures="1" timestamp="2021-07-15T17:51:11 IST" time="529.032" errors="0">
  <testcase name="TC_01_addContractPageVerification" time="85.769" classname="TestCases.SC_08_AssetDetailScreenTest"/>
  <testcase name="TC_02_createTicketPageVerification" time="58.217" classname="TestCases.SC_08_AssetDetailScreenTest"/>
  <testcase name="TC_04_ticketDetailsOfAsset" time="49.039" classname="TestCases.SC_08_AssetDetailScreenTest"/>
  <testcase name="TC_05_ticketDetailsPage" time="86.28" classname="TestCases.SC_08_AssetDetailScreenTest"/>
  <testcase name="TC_06_realImageVerification" time="40.623" classname="TestCases.SC_08_AssetDetailScreenTest"/>
  <testcase name="TC_07_contractVerification" time="81.57" classname="TestCases.SC_08_AssetDetailScreenTest"/>
  <testcase name="TC_08_locationVerification" time="40.001" classname="TestCases.SC_08_AssetDetailScreenTest">
    <failure type="java.lang.AssertionError" message="The location for the respective Asset is not displayed expected [true] but found [false]">
      <![CDATA[java.lang.AssertionError: The location for the respective Asset is not displayed expected [true] but found [false]
at Pages.AssetDetailsPage.locationValidation(AssetDetailsPage.java:177)
at Pages.MyAssetsPage.locationVerfication(MyAssetsPage.java:368)
at TestCases.SC_08_AssetDetailScreenTest.TC_08_locationVerification(SC_08_AssetDetailScreenTest.java:187)
at java.util.ArrayList.forEach(ArrayList.java:1257)
... Removed 36 stack frames]]>
    </failure>
  </testcase> <!-- TC_08_locationVerification -->
</testsuite> <!-- Asset Detail Screen -->
