<?xml version="1.0" encoding="UTF-8"?>
<!-- Generated by org.testng.reporters.JUnitXMLReporter -->
<testsuite hostname="DESKTOP-K9EHMR9" ignored="0" name="Export" tests="4" failures="0" timestamp="2021-07-15T17:58:26 IST" time="180.964" errors="0">
  <testcase name="TC_01_dashboardExport" time="42.226" classname="TestCases.SC_11_ExportToCSVTest"/>
  <testcase name="TC_02_myTicketsExport" time="43.829" classname="TestCases.SC_11_ExportToCSVTest"/>
  <testcase name="TC_03_myAssetsExport" time="43.508" classname="TestCases.SC_11_ExportToCSVTest"/>
  <testcase name="TC_04_myContractsExport" time="38.462" classname="TestCases.SC_11_ExportToCSVTest"/>
</testsuite> <!-- Export -->
