<?xml version="1.0" encoding="UTF-8"?>
<!-- Generated by org.testng.reporters.JUnitXMLReporter -->
<testsuite hostname="DESKTOP-K9EHMR9" ignored="0" name="My Assets" tests="4" failures="0" timestamp="2021-07-15T17:42:22 IST" time="387.807" errors="0">
  <testcase name="TC_01_verifySearch" time="47.158" classname="TestCases.SC_06_MyAssetsTest"/>
  <testcase name="TC_02_sortingColumns" time="211.635" classname="TestCases.SC_06_MyAssetsTest"/>
  <testcase name="TC_03_addAssetPageVerification" time="47.173" classname="TestCases.SC_06_MyAssetsTest"/>
  <testcase name="TC_04_blankColumnVerification" time="36.572" classname="TestCases.SC_06_MyAssetsTest"/>
</testsuite> <!-- My Assets -->
