<?xml version="1.0" encoding="UTF-8"?>
<!-- Generated by org.testng.reporters.JUnitXMLReporter -->
<testsuite hostname="DESKTOP-K9EHMR9" ignored="0" name="My Contracts" tests="4" failures="0" timestamp="2021-07-15T17:55:25 IST" time="253.94" errors="0">
  <testcase name="TC_01_contractDetailList" time="6.235" classname="TestCases.SC_09_MyContractsTest"/>
  <testcase name="TC_02_verifySearch" time="10.868" classname="TestCases.SC_09_MyContractsTest"/>
  <testcase name="TC_03_sortingColumns" time="60.432" classname="TestCases.SC_09_MyContractsTest"/>
  <testcase name="TC_04_addContract" time="17.937" classname="TestCases.SC_09_MyContractsTest"/>
</testsuite> <!-- My Contracts -->
