<?xml version="1.0" encoding="UTF-8"?>
<!-- Generated by org.testng.reporters.JUnitXMLReporter -->
<testsuite ignored="0" hostname="DESKTOP-K9EHMR9" failures="1" tests="1" name="Product Verification" time="46.249" errors="0" timestamp="2021-08-06T11:33:36 IST">
  <testcase classname="TestCases.SC_12_ProductAndModelVerficationTest" name="TC_01_verifyMobileScanner" time="29.215">
    <failure type="java.lang.AssertionError" message="expected [true] but found [false]">
      <![CDATA[java.lang.AssertionError: expected [true] but found [false]
at Pages.MobileComputerPage.verifyProducts(MobileComputerPage.java:48)
at TestCases.SC_12_ProductAndModelVerficationTest.TC_01_verifyMobileScanner(SC_12_ProductAndModelVerficationTest.java:31)
at java.base/java.util.ArrayList.forEach(ArrayList.java:1541)
... Removed 35 stack frames]]>
    </failure>
  </testcase> <!-- TC_01_verifyMobileScanner -->
</testsuite> <!-- Product Verification -->
